2019-07-13T18:33:01.902 INFO restartedMain com.Application [line:50 Starting Application on 192.168.0.106 with PID 20745 (/Users/fanbin/Documents/study/githubproject/commonstudy/target/classes started by fanbin in /Users/fanbin/Documents/study/githubproject/commonstudy)]
2019-07-13T18:33:01.906 INFO restartedMain com.Application [line:679 The following profiles are active: dev]
2019-07-13T18:33:01.997 INFO restartedMain o.s.b.d.env.DevToolsPropertyDefaultsPostProcessor [line:227 Devtools property defaults active! Set 'spring.devtools.add-properties' to 'false' to disable]
2019-07-13T18:33:01.998 INFO restartedMain o.s.b.d.env.DevToolsPropertyDefaultsPostProcessor [line:227 For additional web related logging consider setting the 'logging.level.web' property to 'DEBUG']
2019-07-13T18:33:03.915 INFO restartedMain o.s.boot.web.embedded.tomcat.TomcatWebServer [line:90 Tomcat initialized with port(s): 8080 (http)]
2019-07-13T18:33:03.929 INFO restartedMain org.apache.coyote.http11.Http11NioProtocol [line:173 Initializing ProtocolHandler ["http-nio-8080"]]
2019-07-13T18:33:03.937 INFO restartedMain org.apache.catalina.core.StandardService [line:173 Starting service [Tomcat]]
2019-07-13T18:33:03.937 INFO restartedMain org.apache.catalina.core.StandardEngine [line:173 Starting Servlet engine: [Apache Tomcat/9.0.17]]
2019-07-13T18:33:04.016 INFO restartedMain o.a.c.core.ContainerBase.[Tomcat].[localhost].[/] [line:173 Initializing Spring embedded WebApplicationContext]
2019-07-13T18:33:04.017 INFO restartedMain org.springframework.web.context.ContextLoader [line:296 Root WebApplicationContext: initialization completed in 2019 ms]
2019-07-13T18:33:04.661 INFO restartedMain o.s.scheduling.concurrent.ThreadPoolTaskExecutor [line:171 Initializing ExecutorService 'applicationTaskExecutor']
2019-07-13T18:33:04.971 INFO restartedMain o.s.b.d.autoconfigure.OptionalLiveReloadServer [line:57 LiveReload server is running on port 35729]
2019-07-13T18:33:04.998 INFO restartedMain org.apache.coyote.http11.Http11NioProtocol [line:173 Starting ProtocolHandler ["http-nio-8080"]]
2019-07-13T18:33:05.033 INFO restartedMain o.s.boot.web.embedded.tomcat.TomcatWebServer [line:204 Tomcat started on port(s): 8080 (http) with context path '']
2019-07-13T18:33:05.036 INFO restartedMain com.Application [line:59 Started Application in 3.914 seconds (JVM running for 4.539)]
2019-07-13T18:33:36.803 INFO http-nio-8080-exec-1 o.a.c.core.ContainerBase.[Tomcat].[localhost].[/] [line:173 Initializing Spring DispatcherServlet 'dispatcherServlet']
2019-07-13T18:33:36.804 INFO http-nio-8080-exec-1 org.springframework.web.servlet.DispatcherServlet [line:524 Initializing Servlet 'dispatcherServlet']
2019-07-13T18:33:36.816 INFO http-nio-8080-exec-1 org.springframework.web.servlet.DispatcherServlet [line:546 Completed initialization in 12 ms]
2019-07-13T18:33:36.847 INFO http-nio-8080-exec-1 interfaceLogger [line:26 request parameter is [{}]189091]
2019-07-13T18:33:36.861 INFO http-nio-8080-exec-1 com.zaxxer.hikari.HikariDataSource [line:110 DatebookHikariCP - Starting...]
2019-07-13T18:33:36.978 INFO http-nio-8080-exec-1 com.zaxxer.hikari.HikariDataSource [line:123 DatebookHikariCP - Start completed.]
